Arguments: 
  /Users/contreras/.nvm/versions/node/v6.11.2/bin/node /usr/local/Cellar/yarn/1.1.0/libexec/bin/yarn.js install

PATH: 
  /Users/contreras/.nvm/versions/node/v6.11.2/bin:/usr/local/bin:/usr/bin:/bin:/usr/sbin:/sbin:/opt/X11/bin

Yarn version: 
  1.1.0

Node version: 
  6.11.2

Platform: 
  darwin x64

npm manifest: 
  {
      "name": "platzi-video",
      "version": "1.0.0",
      "description": "",
      "main": "webpack.config.js",
      "scripts": {
        "build:dev": "webpack-dev-server --config ./webpack.dev.config.js",
        "build": "webpack",
        "build:local": "webpack --env.NODE_ENV=local",
        "build:prod": "webpack -p --env.NODE_ENV=production"
      },
      "keywords": [
        "react"
      ],
      "author": "ContrerasJF",
      "license": "MIT",
      "devDependencies": {
        "babel-preset-stage-2": "6.24.1",
        "babel-core": "6.26.0",
        "babel-loader": "7.1.2",
        "babel-preset-es2015": "6.24.1",
        "babel-preset-react": "6.24.1",
        "clean-webpack-plugin": "0.1.17",
        "css-loader": "0.28.7",
        "extract-text-webpack-plugin": "3.0.2",
        "file-loader": "1.1.5",
        "style-loader": "0.19.0",
        "url-loader": "0.6.2",
        "webpack": "3.8.1",
        "webpack-dev-server": "2.9.3"
      },
    }

yarn manifest: 
  No manifest

Lockfile: 
  No lockfile

Trace: 
  SyntaxError: /Users/contreras/Documents/Platzi/CursoDeReactJs/proyect/package.json: Unexpected token } in JSON at position 917
      at Object.parse (native)
      at /usr/local/Cellar/yarn/1.1.0/libexec/lib/cli.js:764:59
      at next (native)
      at step (/usr/local/Cellar/yarn/1.1.0/libexec/lib/cli.js:92:30)
      at /usr/local/Cellar/yarn/1.1.0/libexec/lib/cli.js:103:13
